#
# There is insufficient memory for the Java Runtime Environment to continue.
# Native memory allocation (mmap) failed to map 1048576 bytes for G1 virtual space
# Possible reasons:
#   The system is out of physical RAM or swap space
#   The process is running with CompressedOops enabled, and the Java Heap may be blocking the growth of the native heap
# Possible solutions:
#   Reduce memory load on the system
#   Increase physical memory or swap space
#   Check if swap backing store is full
#   Decrease Java heap size (-Xmx/-Xms)
#   Decrease number of Java threads
#   Decrease Java thread stack sizes (-Xss)
#   Set larger code cache with -XX:ReservedCodeCacheSize=
#   JVM is running with Unscaled Compressed Oops mode in which the Java heap is
#     placed in the first 4GB address space. The Java Heap base address is the
#     maximum limit for the native heap growth. Please use -XX:HeapBaseMinAddress
#     to set the Java Heap base and to place the Java Heap above 4GB virtual address.
# This output file may be truncated or incomplete.
#
#  Out of Memory Error (os_windows.cpp:3600), pid=14948, tid=10996
#
# JRE version: Java(TM) SE Runtime Environment (21.0.2+13) (build 21.0.2+13-LTS-58)
# Java VM: Java HotSpot(TM) 64-Bit Server VM (21.0.2+13-LTS-58, mixed mode, sharing, tiered, compressed oops, compressed class ptrs, g1 gc, windows-amd64)
# No core dump will be written. Minidumps are not enabled by default on client versions of Windows
#

---------------  S U M M A R Y ------------

Command Line: -Dfile.encoding=windows-1252 -Duser.country=ID -Duser.language=en -Duser.variant --module-path=C:\tesxakat\tesxakat\demo\build\libs\demo-1.0-SNAPSHOT.jar;C:\tesxakat\tesxakat\demo\build\classes\java\main;C:\Users\ACER\.gradle\caches\modules-2\files-2.1\org.openjfx\javafx-fxml\22-ea+11\aa01e0d874e1fa0f60a06e6562615168abbbe280\javafx-fxml-22-ea+11-win.jar;C:\Users\ACER\.gradle\caches\modules-2\files-2.1\org.openjfx\javafx-controls\22-ea+11\e84f859080b31c99dd2dc78aa3cefc53afaf9410\javafx-controls-22-ea+11-win.jar;C:\Users\ACER\.gradle\caches\modules-2\files-2.1\org.openjfx\javafx-controls\22-ea+11\f04cf41438d4eb5d297b50f6e2061db6fa8db350\javafx-controls-22-ea+11.jar;C:\Users\ACER\.gradle\caches\modules-2\files-2.1\org.openjfx\javafx-graphics\22-ea+11\f7356c5524349c7d865e4a4bb9781ff4ac52102b\javafx-graphics-22-ea+11-win.jar;C:\Users\ACER\.gradle\caches\modules-2\files-2.1\org.openjfx\javafx-graphics\22-ea+11\a5307d45af06b042085eb46d9eb2fa4b26d5e26d\javafx-graphics-22-ea+11.jar;C:\Users\ACER\.gradle\caches\modules-2\files-2.1\org.openjfx\javafx-base\22-ea+11\87b2d301f8b3cf364600be89b18397667a3c1126\javafx-base-22-ea+11-win.jar;C:\Users\ACER\.gradle\caches\modules-2\files-2.1\org.openjfx\javafx-base\22-ea+11\98eb02cc35dc8160a16b037f69bdc2ad5a0a636\javafx-base-22-ea+11.jar -Djdk.module.main=org.example.demo org.example.demo/org.example.demo.HelloApplication

Host: AMD Ryzen 3 3250U with Radeon Graphics         , 4 cores, 3G,  Windows 11 , 64 bit Build 22000 (10.0.22000.318)
Time: Sun May 19 02:00:34 2024 Malay Peninsula Standard Time elapsed time: 5.318802 seconds (0d 0h 0m 5s)

---------------  T H R E A D  ---------------

Current thread (0x0000022d7344ed80):  JavaThread "JavaFX Application Thread"        [_thread_in_vm, id=10996, stack(0x000000b9deb00000,0x000000b9dec00000) (1024K)]

Stack: [0x000000b9deb00000,0x000000b9dec00000]
Native frames: (J=compiled Java code, j=interpreted, Vv=VM code, C=native code)
V  [jvm.dll+0x6cade9]
V  [jvm.dll+0x8569c1]
V  [jvm.dll+0x858d2e]
V  [jvm.dll+0x859413]
V  [jvm.dll+0x280e56]
V  [jvm.dll+0x6c74d5]
V  [jvm.dll+0x6bbeca]
V  [jvm.dll+0x355bca]
V  [jvm.dll+0x35d816]
V  [jvm.dll+0x3ae37b]
V  [jvm.dll+0x3aea14]
V  [jvm.dll+0x3ae586]
V  [jvm.dll+0x329a0e]
V  [jvm.dll+0x327c3f]
V  [jvm.dll+0x65c960]
V  [jvm.dll+0x240ce2]
V  [jvm.dll+0x81bb17]
V  [jvm.dll+0x3d5fea]
C  0x0000022d226ba8f4

The last pc belongs to newarray (printed below).
Java frames: (J=compiled Java code, j=interpreted, Vv=VM code)
j  java.nio.HeapByteBuffer.<init>(IILjava/lang/foreign/MemorySegment;)V+6 java.base@21.0.2
j  java.nio.ByteBuffer.allocate(I)Ljava/nio/ByteBuffer;+16 java.base@21.0.2
j  com.sun.javafx.iio.png.PNGImageLoader2.load(IIIZZ)Lcom/sun/javafx/iio/ImageFrame;+134 javafx.graphics@22-ea
j  com.sun.javafx.iio.ImageStorage.loadAll(Lcom/sun/javafx/iio/ImageLoader;DDZFZ)[Lcom/sun/javafx/iio/ImageFrame;+55 javafx.graphics@22-ea
j  com.sun.javafx.iio.ImageStorage.loadAll(Ljava/lang/String;Lcom/sun/javafx/iio/ImageLoadListener;DDZFZ)[Lcom/sun/javafx/iio/ImageFrame;+399 javafx.graphics@22-ea
j  com.sun.javafx.tk.quantum.PrismImageLoader2.loadAll(Ljava/lang/String;DDZFZ)V+25 javafx.graphics@22-ea
j  com.sun.javafx.tk.quantum.PrismImageLoader2.<init>(Ljava/lang/String;DDZFZ)V+15 javafx.graphics@22-ea
j  com.sun.javafx.tk.quantum.QuantumToolkit.loadImage(Ljava/lang/String;DDZZ)Lcom/sun/javafx/tk/ImageLoader;+16 javafx.graphics@22-ea
j  javafx.scene.image.Image.loadImage(Ljava/lang/String;DDZZ)Lcom/sun/javafx/tk/ImageLoader;+10 javafx.graphics@22-ea
j  javafx.scene.image.Image.initialize(Ljava/lang/Object;)V+92 javafx.graphics@22-ea
j  javafx.scene.image.Image.<init>(Ljava/lang/String;DDZZZ)V+20 javafx.graphics@22-ea
j  com.sun.javafx.fxml.builder.JavaFXImageBuilder.build()Ljavafx/scene/image/Image;+28 javafx.fxml@22-ea
j  com.sun.javafx.fxml.builder.JavaFXImageBuilder.build()Ljava/lang/Object;+1 javafx.fxml@22-ea
j  javafx.fxml.FXMLLoader$ValueElement.processEndElement()V+24 javafx.fxml@22-ea
j  javafx.fxml.FXMLLoader.processEndElement()V+4 javafx.fxml@22-ea
j  javafx.fxml.FXMLLoader.loadImpl(Ljava/io/InputStream;Ljava/lang/Class;)Ljava/lang/Object;+214 javafx.fxml@22-ea
j  javafx.fxml.FXMLLoader.loadImpl(Ljava/lang/Class;)Ljava/lang/Object;+31 javafx.fxml@22-ea
j  javafx.fxml.FXMLLoader.load()Ljava/lang/Object;+17 javafx.fxml@22-ea
j  org.example.demo.HelloApplication.start(Ljavafx/stage/Stage;)V+20 org.example.demo@1.0-SNAPSHOT
j  com.sun.javafx.application.LauncherImpl.lambda$launchApplication1$9(Ljava/util/concurrent/atomic/AtomicBoolean;Ljavafx/application/Application;)V+20 javafx.graphics@22-ea
j  com.sun.javafx.application.LauncherImpl$$Lambda+0x0000022d2f08c678.run()V+8 javafx.graphics@22-ea
j  com.sun.javafx.application.PlatformImpl.lambda$runAndWait$12(Ljava/lang/Runnable;Ljava/util/concurrent/CountDownLatch;)V+1 javafx.graphics@22-ea
j  com.sun.javafx.application.PlatformImpl$$Lambda+0x0000022d2f0868c0.run()V+8 javafx.graphics@22-ea
j  com.sun.javafx.application.PlatformImpl.lambda$runLater$10(Ljava/lang/Runnable;)Ljava/lang/Void;+1 javafx.graphics@22-ea
j  com.sun.javafx.application.PlatformImpl$$Lambda+0x0000022d2f085000.run()Ljava/lang/Object;+4 javafx.graphics@22-ea
j  java.security.AccessController.executePrivileged(Ljava/security/PrivilegedAction;Ljava/security/AccessControlContext;Ljava/lang/Class;)Ljava/lang/Object;+29 java.base@21.0.2
j  java.security.AccessController.doPrivileged(Ljava/security/PrivilegedAction;Ljava/security/AccessControlContext;)Ljava/lang/Object;+13 java.base@21.0.2
j  com.sun.javafx.application.PlatformImpl.lambda$runLater$11(Ljava/lang/Runnable;Ljava/security/AccessControlContext;)V+7 javafx.graphics@22-ea
j  com.sun.javafx.application.PlatformImpl$$Lambda+0x0000022d2f086cf8.run()V+8 javafx.graphics@22-ea
j  com.sun.glass.ui.InvokeLaterDispatcher$Future.run()V+4 javafx.graphics@22-ea
v  ~StubRoutines::call_stub 0x0000022d226a100d
j  com.sun.glass.ui.win.WinApplication._runLoop(Ljava/lang/Runnable;)V+0 javafx.graphics@22-ea
j  com.sun.glass.ui.win.WinApplication.lambda$runLoop$3(ILjava/lang/Runnable;)V+8 javafx.graphics@22-ea
j  com.sun.glass.ui.win.WinApplication$$Lambda+0x0000022d2f032128.run()V+12 javafx.graphics@22-ea
j  java.lang.Thread.runWith(Ljava/lang/Object;Ljava/lang/Runnable;)V+5 java.base@21.0.2
j  java.lang.Thread.run()V+19 java.base@21.0.2
v  ~StubRoutines::call_stub 0x0000022d226a100d
newarray  188 newarray  [0x0000022d226ba8a0, 0x0000022d226ba978]  216 bytes
[MachCode]
  0x0000022d226ba8a0: 8b04 2448 | 83c4 0841 | 0fb6 5501 | e805 0000 | 00e9 ab00 | 0000 4c8b | c048 8d44 | 2408 4c89 
  0x0000022d226ba8c0: 6dc0 498b | cfc5 f877 | 4989 afa8 | 0300 0049 | 8987 9803 | 0000 4883 | ec20 40f6 | c40f 0f84 
  0x0000022d226ba8e0: 1900 0000 | 4883 ec08 | 48b8 c05f | 8da9 ff7f | 0000 ffd0 | 4883 c408 | e90c 0000 | 0048 b8c0 
  0x0000022d226ba900: 5f8d a9ff | 7f00 00ff | d048 83c4 | 2049 c787 | 9803 0000 | 0000 0000 | 49c7 87a8 | 0300 0000 
  0x0000022d226ba920: 0000 0049 | c787 a003 | 0000 0000 | 0000 c5f8 | 7749 837f | 0800 0f84 | 0500 0000 | e9bf 65fe 
  0x0000022d226ba940: ff49 8b87 | f003 0000 | 49c7 87f0 | 0300 0000 | 0000 004c | 8b6d c04c | 8b75 c84e | 8d74 f500 
  0x0000022d226ba960: c341 0fb6 | 5d02 4983 | c502 49ba | 0007 15aa | ff7f 0000 | 41ff 24da 
[/MachCode]

---------------  P R O C E S S  ---------------

Threads class SMR info:
_java_thread_list=0x0000022d734601b0, length=16, elements={
0x0000022d10be9f00, 0x0000022d12dca110, 0x0000022d12dcd0f0, 0x0000022d2d65ff60,
0x0000022d2d6609c0, 0x0000022d2d661420, 0x0000022d2d661e80, 0x0000022d2d663610,
0x0000022d2d667f70, 0x0000022d12d93ea0, 0x0000022d2d9c2270, 0x0000022d2d894a30,
0x0000022d7344e310, 0x0000022d7344ed80, 0x0000022d735e9010, 0x0000022d7363c570
}

Java Threads: ( => current thread )
  0x0000022d10be9f00 JavaThread "main"                              [_thread_blocked, id=5988, stack(0x000000b9dd100000,0x000000b9dd200000) (1024K)]
  0x0000022d12dca110 JavaThread "Reference Handler"          daemon [_thread_blocked, id=8196, stack(0x000000b9dd900000,0x000000b9dda00000) (1024K)]
  0x0000022d12dcd0f0 JavaThread "Finalizer"                  daemon [_thread_blocked, id=11524, stack(0x000000b9dda00000,0x000000b9ddb00000) (1024K)]
  0x0000022d2d65ff60 JavaThread "Signal Dispatcher"          daemon [_thread_blocked, id=17512, stack(0x000000b9ddb00000,0x000000b9ddc00000) (1024K)]
  0x0000022d2d6609c0 JavaThread "Attach Listener"            daemon [_thread_blocked, id=4876, stack(0x000000b9ddc00000,0x000000b9ddd00000) (1024K)]
  0x0000022d2d661420 JavaThread "Service Thread"             daemon [_thread_blocked, id=7536, stack(0x000000b9ddd00000,0x000000b9dde00000) (1024K)]
  0x0000022d2d661e80 JavaThread "Monitor Deflation Thread"   daemon [_thread_blocked, id=12456, stack(0x000000b9dde00000,0x000000b9ddf00000) (1024K)]
  0x0000022d2d663610 JavaThread "C2 CompilerThread0"         daemon [_thread_blocked, id=8956, stack(0x000000b9ddf00000,0x000000b9de000000) (1024K)]
  0x0000022d2d667f70 JavaThread "C1 CompilerThread0"         daemon [_thread_blocked, id=12348, stack(0x000000b9de000000,0x000000b9de100000) (1024K)]
  0x0000022d12d93ea0 JavaThread "Common-Cleaner"             daemon [_thread_blocked, id=3124, stack(0x000000b9de100000,0x000000b9de200000) (1024K)]
  0x0000022d2d9c2270 JavaThread "Notification Thread"        daemon [_thread_blocked, id=5796, stack(0x000000b9de200000,0x000000b9de300000) (1024K)]
  0x0000022d2d894a30 JavaThread "QuantumRenderer-0"          daemon [_thread_blocked, id=17640, stack(0x000000b9de600000,0x000000b9de700000) (1024K)]
  0x0000022d7344e310 JavaThread "InvokeLaterDispatcher"      daemon [_thread_blocked, id=14644, stack(0x000000b9dea00000,0x000000b9deb00000) (1024K)]
=>0x0000022d7344ed80 JavaThread "JavaFX Application Thread"         [_thread_in_vm, id=10996, stack(0x000000b9deb00000,0x000000b9dec00000) (1024K)]
  0x0000022d735e9010 JavaThread "Thread-1"                   daemon [_thread_in_native, id=16728, stack(0x000000b9df000000,0x000000b9df100000) (1024K)]
  0x0000022d7363c570 JavaThread "JavaFX-Launcher"                   [_thread_blocked, id=14388, stack(0x000000b9df100000,0x000000b9df200000) (1024K)]
Total: 16

Other Threads:
  0x0000022d12dad310 VMThread "VM Thread"                           [id=7324, stack(0x000000b9dd800000,0x000000b9dd900000) (1024K)]
  0x0000022d12d93630 WatcherThread "VM Periodic Task Thread"        [id=4308, stack(0x000000b9dd700000,0x000000b9dd800000) (1024K)]
  0x0000022d12d2a190 WorkerThread "GC Thread#0"                     [id=9952, stack(0x000000b9dd200000,0x000000b9dd300000) (1024K)]
  0x0000022d730a5aa0 WorkerThread "GC Thread#1"                     [id=15248, stack(0x000000b9de300000,0x000000b9de400000) (1024K)]
  0x0000022d733b4160 WorkerThread "GC Thread#2"                     [id=12968, stack(0x000000b9de400000,0x000000b9de500000) (1024K)]
  0x0000022d733b4500 WorkerThread "GC Thread#3"                     [id=13876, stack(0x000000b9de500000,0x000000b9de600000) (1024K)]
  0x0000022d12d326d0 ConcurrentGCThread "G1 Main Marker"            [id=13836, stack(0x000000b9dd300000,0x000000b9dd400000) (1024K)]
  0x0000022d12d33290 WorkerThread "G1 Conc#0"                       [id=16292, stack(0x000000b9dd400000,0x000000b9dd500000) (1024K)]
  0x0000022d12d85650 ConcurrentGCThread "G1 Refine#0"               [id=16212, stack(0x000000b9dd500000,0x000000b9dd600000) (1024K)]
  0x0000022d12d860d0 ConcurrentGCThread "G1 Service"                [id=15636, stack(0x000000b9dd600000,0x000000b9dd700000) (1024K)]
Total: 10

Threads with active compile tasks:
Total: 0

VM state: not at safepoint (normal execution)

VM Mutex/Monitor currently owned by a thread:  ([mutex/lock_event])
[0x00007fffaa13ce68] Heap_lock - owner thread: 0x0000022d7344ed80

Heap address: 0x00000000c8e00000, size: 882 MB, Compressed Oops mode: 32-bit

CDS archive(s) mapped at: [0x0000022d2e000000-0x0000022d2ec90000-0x0000022d2ec90000), size 13172736, SharedBaseAddress: 0x0000022d2e000000, ArchiveRelocationMode: 1.
Compressed class space mapped at: 0x0000022d2f000000-0x0000022d6f000000, reserved size: 1073741824
Narrow klass base: 0x0000022d2e000000, Narrow klass shift: 0, Narrow klass range: 0x100000000

GC Precious Log:
 CardTable entry size: 512
 Card Set container configuration: InlinePtr #cards 5 size 8 Array Of Cards #cards 12 size 40 Howl #buckets 4 coarsen threshold 1843 Howl Bitmap #cards 512 size 80 coarsen threshold 460 Card regions per heap region 1 cards per card region 2048
 CPUs: 4 total, 4 available
 Memory: 3521M
 Large Page Support: Disabled
 NUMA Support: Disabled
 Compressed Oops: Enabled (32-bit)
 Heap Region Size: 1M
 Heap Min Capacity: 8M
 Heap Initial Capacity: 56M
 Heap Max Capacity: 882M
 Pre-touch: Disabled
 Parallel Workers: 4
 Concurrent Workers: 1
 Concurrent Refinement Workers: 4
 Periodic GC: Disabled

Heap:
 garbage-first heap   total 70656K, used 3433K [0x00000000c8e00000, 0x0000000100000000)
  region size 1024K, 2 young (2048K), 2 survivors (2048K)
 Metaspace       used 7533K, committed 7808K, reserved 1114112K
  class space    used 978K, committed 1088K, reserved 1048576K

Heap Regions: E=young(eden), S=young(survivor), O=old, HS=humongous(starts), HC=humongous(continues), CS=collection set, F=free, TAMS=top-at-mark-start, PB=parsable bottom
|   0|0x00000000c8e00000, 0x00000000c8f00000, 0x00000000c8f00000|100%| O|  |TAMS 0x00000000c8e00000| PB 0x00000000c8e00000| Untracked 
|   1|0x00000000c8f00000, 0x00000000c8fa3410, 0x00000000c9000000| 63%| O|  |TAMS 0x00000000c8f00000| PB 0x00000000c8f00000| Untracked 
|   2|0x00000000c9000000, 0x00000000c9000000, 0x00000000c9100000|  0%| F|  |TAMS 0x00000000c9000000| PB 0x00000000c9000000| Untracked 
|   3|0x00000000c9100000, 0x00000000c9100000, 0x00000000c9200000|  0%| F|  |TAMS 0x00000000c9100000| PB 0x00000000c9100000| Untracked 
|   4|0x00000000c9200000, 0x00000000c9200000, 0x00000000c9300000|  0%| F|  |TAMS 0x00000000c9200000| PB 0x00000000c9200000| Untracked 
|   5|0x00000000c9300000, 0x00000000c9300000, 0x00000000c9400000|  0%| F|  |TAMS 0x00000000c9300000| PB 0x00000000c9300000| Untracked 
|   6|0x00000000c9400000, 0x00000000c9400000, 0x00000000c9500000|  0%| F|  |TAMS 0x00000000c9400000| PB 0x00000000c9400000| Untracked 
|   7|0x00000000c9500000, 0x00000000c9500000, 0x00000000c9600000|  0%| F|  |TAMS 0x00000000c9500000| PB 0x00000000c9500000| Untracked 
|   8|0x00000000c9600000, 0x00000000c9600000, 0x00000000c9700000|  0%| F|  |TAMS 0x00000000c9600000| PB 0x00000000c9600000| Untracked 
|   9|0x00000000c9700000, 0x00000000c9700000, 0x00000000c9800000|  0%| F|  |TAMS 0x00000000c9700000| PB 0x00000000c9700000| Untracked 
|  10|0x00000000c9800000, 0x00000000c9800000, 0x00000000c9900000|  0%| F|  |TAMS 0x00000000c9800000| PB 0x00000000c9800000| Untracked 
|  11|0x00000000c9900000, 0x00000000c9900000, 0x00000000c9a00000|  0%| F|  |TAMS 0x00000000c9900000| PB 0x00000000c9900000| Untracked 
|  12|0x00000000c9a00000, 0x00000000c9a00000, 0x00000000c9b00000|  0%| F|  |TAMS 0x00000000c9a00000| PB 0x00000000c9a00000| Untracked 
|  13|0x00000000c9b00000, 0x00000000c9b00000, 0x00000000c9c00000|  0%| F|  |TAMS 0x00000000c9b00000| PB 0x00000000c9b00000| Untracked 
|  14|0x00000000c9c00000, 0x00000000c9c00000, 0x00000000c9d00000|  0%| F|  |TAMS 0x00000000c9c00000| PB 0x00000000c9c00000| Untracked 
|  15|0x00000000c9d00000, 0x00000000c9d00000, 0x00000000c9e00000|  0%| F|  |TAMS 0x00000000c9d00000| PB 0x00000000c9d00000| Untracked 
|  16|0x00000000c9e00000, 0x00000000c9e00000, 0x00000000c9f00000|  0%| F|  |TAMS 0x00000000c9e00000| PB 0x00000000c9e00000| Untracked 
|  17|0x00000000c9f00000, 0x00000000c9f00000, 0x00000000ca000000|  0%| F|  |TAMS 0x00000000c9f00000| PB 0x00000000c9f00000| Untracked 
|  18|0x00000000ca000000, 0x00000000ca000000, 0x00000000ca100000|  0%| F|  |TAMS 0x00000000ca000000| PB 0x00000000ca000000| Untracked 
|  19|0x00000000ca100000, 0x00000000ca100000, 0x00000000ca200000|  0%| F|  |TAMS 0x00000000ca100000| PB 0x00000000ca100000| Untracked 
|  20|0x00000000ca200000, 0x00000000ca200000, 0x00000000ca300000|  0%| F|  |TAMS 0x00000000ca200000| PB 0x00000000ca200000| Untracked 
|  21|0x00000000ca300000, 0x00000000ca300000, 0x00000000ca400000|  0%| F|  |TAMS 0x00000000ca300000| PB 0x00000000ca300000| Untracked 
|  22|0x00000000ca400000, 0x00000000ca400000, 0x00000000ca500000|  0%| F|  |TAMS 0x00000000ca400000| PB 0x00000000ca400000| Untracked 
|  23|0x00000000ca500000, 0x00000000ca500000, 0x00000000ca600000|  0%| F|  |TAMS 0x00000000ca500000| PB 0x00000000ca500000| Untracked 
|  24|0x00000000ca600000, 0x00000000ca600000, 0x00000000ca700000|  0%| F|  |TAMS 0x00000000ca600000| PB 0x00000000ca600000| Untracked 
|  25|0x00000000ca700000, 0x00000000ca700000, 0x00000000ca800000|  0%| F|  |TAMS 0x00000000ca700000| PB 0x00000000ca700000| Untracked 
|  26|0x00000000ca800000, 0x00000000ca800000, 0x00000000ca900000|  0%| F|  |TAMS 0x00000000ca800000| PB 0x00000000ca800000| Untracked 
|  27|0x00000000ca900000, 0x00000000ca900000, 0x00000000caa00000|  0%| F|  |TAMS 0x00000000ca900000| PB 0x00000000ca900000| Untracked 
|  28|0x00000000caa00000, 0x00000000caa00000, 0x00000000cab00000|  0%| F|  |TAMS 0x00000000caa00000| PB 0x00000000caa00000| Untracked 
|  29|0x00000000cab00000, 0x00000000cab00000, 0x00000000cac00000|  0%| F|  |TAMS 0x00000000cab00000| PB 0x00000000cab00000| Untracked 
|  30|0x00000000cac00000, 0x00000000cac00000, 0x00000000cad00000|  0%| F|  |TAMS 0x00000000cac00000| PB 0x00000000cac00000| Untracked 
|  31|0x00000000cad00000, 0x00000000cad00000, 0x00000000cae00000|  0%| F|  |TAMS 0x00000000cad00000| PB 0x00000000cad00000| Untracked 
|  32|0x00000000cae00000, 0x00000000cae00000, 0x00000000caf00000|  0%| F|  |TAMS 0x00000000cae00000| PB 0x00000000cae00000| Untracked 
|  33|0x00000000caf00000, 0x00000000cafb7100, 0x00000000cb000000| 71%| S|CS|TAMS 0x00000000caf00000| PB 0x00000000caf00000| Complete 
|  34|0x00000000cb000000, 0x00000000cb100000, 0x00000000cb100000|100%| S|CS|TAMS 0x00000000cb000000| PB 0x00000000cb000000| Complete 
|  35|0x00000000cb100000, 0x00000000cb100000, 0x00000000cb200000|  0%| F|  |TAMS 0x00000000cb100000| PB 0x00000000cb100000| Untracked 
|  36|0x00000000cb200000, 0x00000000cb200000, 0x00000000cb300000|  0%| F|  |TAMS 0x00000000cb200000| PB 0x00000000cb200000| Untracked 
|  37|0x00000000cb300000, 0x00000000cb300000, 0x00000000cb400000|  0%| F|  |TAMS 0x00000000cb300000| PB 0x00000000cb300000| Untracked 
|  38|0x00000000cb400000, 0x00000000cb400000, 0x00000000cb500000|  0%| F|  |TAMS 0x00000000cb400000| PB 0x00000000cb400000| Untracked 
|  39|0x00000000cb500000, 0x00000000cb500000, 0x00000000cb600000|  0%| F|  |TAMS 0x00000000cb500000| PB 0x00000000cb500000| Untracked 
|  40|0x00000000cb600000, 0x00000000cb600000, 0x00000000cb700000|  0%| F|  |TAMS 0x00000000cb600000| PB 0x00000000cb600000| Untracked 
|  41|0x00000000cb700000, 0x00000000cb700000, 0x00000000cb800000|  0%| F|  |TAMS 0x00000000cb700000| PB 0x00000000cb700000| Untracked 
|  42|0x00000000cb800000, 0x00000000cb800000, 0x00000000cb900000|  0%| F|  |TAMS 0x00000000cb800000| PB 0x00000000cb800000| Untracked 
|  43|0x00000000cb900000, 0x00000000cb900000, 0x00000000cba00000|  0%| F|  |TAMS 0x00000000cb900000| PB 0x00000000cb900000| Untracked 
|  44|0x00000000cba00000, 0x00000000cba00000, 0x00000000cbb00000|  0%| F|  |TAMS 0x00000000cba00000| PB 0x00000000cba00000| Untracked 
|  45|0x00000000cbb00000, 0x00000000cbb00000, 0x00000000cbc00000|  0%| F|  |TAMS 0x00000000cbb00000| PB 0x00000000cbb00000| Untracked 
|  46|0x00000000cbc00000, 0x00000000cbc00000, 0x00000000cbd00000|  0%| F|  |TAMS 0x00000000cbc00000| PB 0x00000000cbc00000| Untracked 
|  47|0x00000000cbd00000, 0x00000000cbd00000, 0x00000000cbe00000|  0%| F|  |TAMS 0x00000000cbd00000| PB 0x00000000cbd00000| Untracked 
|  48|0x00000000cbe00000, 0x00000000cbe00000, 0x00000000cbf00000|  0%| F|  |TAMS 0x00000000cbe00000| PB 0x00000000cbe00000| Untracked 
|  49|0x00000000cbf00000, 0x00000000cbf00000, 0x00000000cc000000|  0%| F|  |TAMS 0x00000000cbf00000| PB 0x00000000cbf00000| Untracked 
|  50|0x00000000cc000000, 0x00000000cc000000, 0x00000000cc100000|  0%| F|  |TAMS 0x00000000cc000000| PB 0x00000000cc000000| Untracked 
|  51|0x00000000cc100000, 0x00000000cc100000, 0x00000000cc200000|  0%| F|  |TAMS 0x00000000cc100000| PB 0x00000000cc100000| Untracked 
|  52|0x00000000cc200000, 0x00000000cc200000, 0x00000000cc300000|  0%| F|  |TAMS 0x00000000cc200000| PB 0x00000000cc200000| Untracked 
|  53|0x00000000cc300000, 0x00000000cc300000, 0x00000000cc400000|  0%| F|  |TAMS 0x00000000cc300000| PB 0x00000000cc300000| Untracked 
|  54|0x00000000cc400000, 0x00000000cc400000, 0x00000000cc500000|  0%| F|  |TAMS 0x00000000cc400000| PB 0x00000000cc400000| Untracked 
|  55|0x00000000cc500000, 0x00000000cc500000, 0x00000000cc600000|  0%| F|  |TAMS 0x00000000cc500000| PB 0x00000000cc500000| Untracked 
|  56|0x00000000cc600000, 0x00000000cc600000, 0x00000000cc700000|  0%| F|  |TAMS 0x00000000cc600000| PB 0x00000000cc600000| Untracked 
|  57|0x00000000cc700000, 0x00000000cc700000, 0x00000000cc800000|  0%| F|  |TAMS 0x00000000cc700000| PB 0x00000000cc700000| Untracked 
|  58|0x00000000cc800000, 0x00000000cc800000, 0x00000000cc900000|  0%| F|  |TAMS 0x00000000cc800000| PB 0x00000000cc800000| Untracked 
|  59|0x00000000cc900000, 0x00000000cc900000, 0x00000000cca00000|  0%| F|  |TAMS 0x00000000cc900000| PB 0x00000000cc900000| Untracked 
|  60|0x00000000cca00000, 0x00000000cca00000, 0x00000000ccb00000|  0%| F|  |TAMS 0x00000000cca00000| PB 0x00000000cca00000| Untracked 
|  61|0x00000000ccb00000, 0x00000000ccb00000, 0x00000000ccc00000|  0%| F|  |TAMS 0x00000000ccb00000| PB 0x00000000ccb00000| Untracked 
|  62|0x00000000ccc00000, 0x00000000ccc00000, 0x00000000ccd00000|  0%| F|  |TAMS 0x00000000ccc00000| PB 0x00000000ccc00000| Untracked 
|  63|0x00000000ccd00000, 0x00000000ccd00000, 0x00000000cce00000|  0%| F|  |TAMS 0x00000000ccd00000| PB 0x00000000ccd00000| Untracked 
|  64|0x00000000cce00000, 0x00000000cce00000, 0x00000000ccf00000|  0%| F|  |TAMS 0x00000000cce00000| PB 0x00000000cce00000| Untracked 
|  65|0x00000000ccf00000, 0x00000000ccf00000, 0x00000000cd000000|  0%| F|  |TAMS 0x00000000ccf00000| PB 0x00000000ccf00000| Untracked 
|  66|0x00000000cd000000, 0x00000000cd000000, 0x00000000cd100000|  0%| F|  |TAMS 0x00000000cd000000| PB 0x00000000cd000000| Untracked 
|  67|0x00000000cd100000, 0x00000000cd100000, 0x00000000cd200000|  0%| F|  |TAMS 0x00000000cd100000| PB 0x00000000cd100000| Untracked 
|  68|0x00000000cd200000, 0x00000000cd200000, 0x00000000cd300000|  0%| F|  |TAMS 0x00000000cd200000| PB 0x00000000cd200000| Untracked 

Card table byte_map: [0x0000022d2a170000,0x0000022d2a330000] _byte_map_base: 0x0000022d29b29000

Marking Bits: (CMBitMap*) 0x0000022d12d2a7a0
 Bits: [0x0000022d2a330000, 0x0000022d2b0f8000)

Polling page: 0x0000022d10ba0000

Metaspace:

Usage:
  Non-class:      6.40 MB used.
      Class:    978.30 KB used.
       Both:      7.36 MB used.

Virtual space:
  Non-class space:       64.00 MB reserved,       6.56 MB ( 10%) committed,  1 nodes.
      Class space:        1.00 GB reserved,       1.06 MB ( <1%) committed,  1 nodes.
             Both:        1.06 GB reserved,       7.62 MB ( <1%) committed. 

Chunk freelists:
   Non-Class:  8.28 MB
       Class:  14.77 MB
        Both:  23.05 MB

MaxMetaspaceSize: unlimited
CompressedClassSpaceSize: 1.00 GB
Initial GC threshold: 21.00 MB
Current GC threshold: 21.00 MB
CDS: on
 - commit_granule_bytes: 65536.
 - commit_granule_words: 8192.
 - virtual_space_node_default_size: 8388608.
 - enlarge_chunks_in_place: 1.
 - use_allocation_guard: 0.


Internal statistics:

num_allocs_failed_limit: 0.
num_arena_births: 182.
num_arena_deaths: 0.
num_vsnodes_births: 2.
num_vsnodes_deaths: 0.
num_space_committed: 122.
num_space_uncommitted: 0.
num_chunks_returned_to_freelist: 0.
num_chunks_taken_from_freelist: 384.
num_chunk_merges: 0.
num_chunk_splits: 263.
num_chunks_enlarged: 185.
num_inconsistent_stats: 0.

CodeHeap 'non-profiled nmethods': size=120000Kb used=368Kb max_used=368Kb free=119631Kb
 bounds [0x0000022d22c40000, 0x0000022d22eb0000, 0x0000022d2a170000]
CodeHeap 'profiled nmethods': size=120000Kb used=1788Kb max_used=1788Kb free=118212Kb
 bounds [0x0000022d1b170000, 0x0000022d1b3e0000, 0x0000022d226a0000]
CodeHeap 'non-nmethods': size=5760Kb used=1504Kb max_used=1507Kb free=4255Kb
 bounds [0x0000022d226a0000, 0x0000022d22910000, 0x0000022d22c40000]
 total_blobs=1676 nmethods=1096 adapters=485
 compilation: enabled
              stopped_count=0, restarted_count=0
 full_count=0

Compilation events (20 events):
Event: 4.952 Thread 0x0000022d2d667f70 1087       3       jdk.internal.org.objectweb.asm.MethodWriter::<init> (232 bytes)
Event: 4.954 Thread 0x0000022d2d667f70 nmethod 1087 0x0000022d1b326290 code [0x0000022d1b326540, 0x0000022d1b3272b0]
Event: 4.954 Thread 0x0000022d2d667f70 1088       3       java.lang.invoke.LambdaForm$Name::internArguments (62 bytes)
Event: 4.955 Thread 0x0000022d2d667f70 nmethod 1088 0x0000022d1b327790 code [0x0000022d1b327980, 0x0000022d1b328048]
Event: 4.955 Thread 0x0000022d2d667f70 1090       3       jdk.internal.org.objectweb.asm.Handler::putExceptionTable (63 bytes)
Event: 4.955 Thread 0x0000022d2d667f70 nmethod 1090 0x0000022d1b328210 code [0x0000022d1b328440, 0x0000022d1b3288e0]
Event: 4.955 Thread 0x0000022d2d667f70 1089       3       jdk.internal.org.objectweb.asm.MethodWriter::putMethodInfo (1274 bytes)
Event: 4.961 Thread 0x0000022d2d667f70 nmethod 1089 0x0000022d1b328b90 code [0x0000022d1b3292c0, 0x0000022d1b32bad8]
Event: 4.961 Thread 0x0000022d2d667f70 1086       3       jdk.internal.org.objectweb.asm.AnnotationWriter::<init> (60 bytes)
Event: 4.962 Thread 0x0000022d2d667f70 nmethod 1086 0x0000022d1b32ce10 code [0x0000022d1b32cfe0, 0x0000022d1b32d3d0]
Event: 4.963 Thread 0x0000022d2d663610 1091       4       java.util.concurrent.ConcurrentHashMap::setTabAt (20 bytes)
Event: 4.966 Thread 0x0000022d2d663610 nmethod 1091 0x0000022d22c9bb90 code [0x0000022d22c9bd20, 0x0000022d22c9be58]
Event: 4.968 Thread 0x0000022d2d667f70 1092       3       com.sun.org.apache.xerces.internal.util.XMLChar::isContent (35 bytes)
Event: 4.969 Thread 0x0000022d2d667f70 nmethod 1092 0x0000022d1b32d510 code [0x0000022d1b32d6c0, 0x0000022d1b32d8e0]
Event: 4.986 Thread 0x0000022d2d667f70 1093       3       java.lang.ClassLoader::defineClass (43 bytes)
Event: 4.987 Thread 0x0000022d2d667f70 nmethod 1093 0x0000022d1b32d990 code [0x0000022d1b32dba0, 0x0000022d1b32e0b8]
Event: 5.035 Thread 0x0000022d2d667f70 1094       3       java.util.concurrent.locks.ReentrantLock$Sync::isHeldExclusively (16 bytes)
Event: 5.036 Thread 0x0000022d2d667f70 nmethod 1094 0x0000022d1b32e310 code [0x0000022d1b32e4c0, 0x0000022d1b32e658]
Event: 5.036 Thread 0x0000022d2d667f70 1095       3       java.lang.ref.ReferenceQueue::enqueue0 (98 bytes)
Event: 5.037 Thread 0x0000022d2d667f70 nmethod 1095 0x0000022d1b32e710 code [0x0000022d1b32e900, 0x0000022d1b32ef30]

GC Heap History (4 events):
Event: 2.383 GC heap before
{Heap before GC invocations=0 (full 0):
 garbage-first heap   total 57344K, used 12288K [0x00000000c8e00000, 0x0000000100000000)
  region size 1024K, 13 young (13312K), 0 survivors (0K)
 Metaspace       used 2134K, committed 2368K, reserved 1114112K
  class space    used 226K, committed 320K, reserved 1048576K
}
Event: 2.399 GC heap after
{Heap after GC invocations=1 (full 0):
 garbage-first heap   total 57344K, used 1792K [0x00000000c8e00000, 0x0000000100000000)
  region size 1024K, 2 young (2048K), 2 survivors (2048K)
 Metaspace       used 2134K, committed 2368K, reserved 1114112K
  class space    used 226K, committed 320K, reserved 1048576K
}
Event: 5.019 GC heap before
{Heap before GC invocations=1 (full 0):
 garbage-first heap   total 57344K, used 19200K [0x00000000c8e00000, 0x0000000100000000)
  region size 1024K, 21 young (21504K), 2 survivors (2048K)
 Metaspace       used 7532K, committed 7808K, reserved 1114112K
  class space    used 978K, committed 1088K, reserved 1048576K
}
Event: 5.035 GC heap after
{Heap after GC invocations=2 (full 0):
 garbage-first heap   total 57344K, used 3433K [0x00000000c8e00000, 0x0000000100000000)
  region size 1024K, 2 young (2048K), 2 survivors (2048K)
 Metaspace       used 7532K, committed 7808K, reserved 1114112K
  class space    used 978K, committed 1088K, reserved 1048576K
}

Dll operation events (20 events):
Event: 1.942 Loaded shared library C:\Users\ACER\.openjfx\cache\22-ea+11\amd64\api-ms-win-crt-heap-l1-1-0.dll
Event: 1.950 Loaded shared library C:\Users\ACER\.openjfx\cache\22-ea+11\amd64\api-ms-win-crt-locale-l1-1-0.dll
Event: 1.958 Loaded shared library C:\Users\ACER\.openjfx\cache\22-ea+11\amd64\api-ms-win-crt-math-l1-1-0.dll
Event: 1.966 Loaded shared library C:\Users\ACER\.openjfx\cache\22-ea+11\amd64\api-ms-win-crt-multibyte-l1-1-0.dll
Event: 1.975 Loaded shared library C:\Users\ACER\.openjfx\cache\22-ea+11\amd64\api-ms-win-crt-private-l1-1-0.dll
Event: 1.983 Loaded shared library C:\Users\ACER\.openjfx\cache\22-ea+11\amd64\api-ms-win-crt-process-l1-1-0.dll
Event: 1.993 Loaded shared library C:\Users\ACER\.openjfx\cache\22-ea+11\amd64\api-ms-win-crt-runtime-l1-1-0.dll
Event: 2.000 Loaded shared library C:\Users\ACER\.openjfx\cache\22-ea+11\amd64\api-ms-win-crt-stdio-l1-1-0.dll
Event: 2.013 Loaded shared library C:\Users\ACER\.openjfx\cache\22-ea+11\amd64\api-ms-win-crt-string-l1-1-0.dll
Event: 2.021 Loaded shared library C:\Users\ACER\.openjfx\cache\22-ea+11\amd64\api-ms-win-crt-time-l1-1-0.dll
Event: 2.035 Loaded shared library C:\Users\ACER\.openjfx\cache\22-ea+11\amd64\api-ms-win-crt-utility-l1-1-0.dll
Event: 2.101 Loaded shared library C:\Users\ACER\.openjfx\cache\22-ea+11\amd64\ucrtbase.dll
Event: 2.132 Loaded shared library C:\Users\ACER\.openjfx\cache\22-ea+11\amd64\vcruntime140.dll
Event: 2.154 Loaded shared library C:\Users\ACER\.openjfx\cache\22-ea+11\amd64\vcruntime140_1.dll
Event: 2.222 Loaded shared library C:\Users\ACER\.openjfx\cache\22-ea+11\amd64\msvcp140.dll
Event: 2.286 Loaded shared library C:\Users\ACER\.openjfx\cache\22-ea+11\amd64\msvcp140_1.dll
Event: 2.333 Loaded shared library C:\Users\ACER\.openjfx\cache\22-ea+11\amd64\msvcp140_2.dll
Event: 2.703 Loaded shared library C:\Users\ACER\.openjfx\cache\22-ea+11\amd64\prism_d3d.dll
Event: 3.087 Loaded shared library C:\Users\ACER\.openjfx\cache\22-ea+11\amd64\glass.dll
Event: 4.238 Loaded shared library C:\Program Files\Java\jdk-21\bin\jimage.dll

Deoptimization events (20 events):
Event: 2.084 Thread 0x0000022d10be9f00 DEOPT PACKING pc=0x0000022d1b26b497 sp=0x000000b9dd1fe930
Event: 2.084 Thread 0x0000022d10be9f00 DEOPT UNPACKING pc=0x0000022d226f4e42 sp=0x000000b9dd1fdd50 mode 0
Event: 2.120 Thread 0x0000022d10be9f00 DEOPT PACKING pc=0x0000022d1b25e15d sp=0x000000b9dd1fe900
Event: 2.120 Thread 0x0000022d10be9f00 DEOPT UNPACKING pc=0x0000022d226f4e42 sp=0x000000b9dd1fdd98 mode 0
Event: 4.057 Thread 0x0000022d7344ed80 Uncommon trap: trap_request=0xffffff45 fr.pc=0x0000022d22c783a8 relative=0x0000000000000088
Event: 4.057 Thread 0x0000022d7344ed80 Uncommon trap: reason=unstable_if action=reinterpret pc=0x0000022d22c783a8 method=jdk.internal.misc.Unsafe.convEndian(ZI)I @ 4 c2
Event: 4.057 Thread 0x0000022d7344ed80 DEOPT PACKING pc=0x0000022d22c783a8 sp=0x000000b9debfd430
Event: 4.057 Thread 0x0000022d7344ed80 DEOPT UNPACKING pc=0x0000022d226f46a2 sp=0x000000b9debfd360 mode 2
Event: 5.004 Thread 0x0000022d7344ed80 Uncommon trap: trap_request=0xffffff45 fr.pc=0x0000022d22c564b0 relative=0x0000000000000190
Event: 5.004 Thread 0x0000022d7344ed80 Uncommon trap: reason=unstable_if action=reinterpret pc=0x0000022d22c564b0 method=jdk.internal.util.ArraysSupport.vectorizedHashCode(Ljava/lang/Object;IIII)I @ 2 c2
Event: 5.004 Thread 0x0000022d7344ed80 DEOPT PACKING pc=0x0000022d22c564b0 sp=0x000000b9debfcc00
Event: 5.004 Thread 0x0000022d7344ed80 DEOPT UNPACKING pc=0x0000022d226f46a2 sp=0x000000b9debfcbb0 mode 2
Event: 5.006 Thread 0x0000022d7344ed80 Uncommon trap: trap_request=0xffffff3d fr.pc=0x0000022d22c7ced4 relative=0x0000000000000bb4
Event: 5.006 Thread 0x0000022d7344ed80 Uncommon trap: reason=unstable_fused_if action=reinterpret pc=0x0000022d22c7ced4 method=java.util.HashMap.resize()[Ljava/util/HashMap$Node; @ 31 c2
Event: 5.006 Thread 0x0000022d7344ed80 DEOPT PACKING pc=0x0000022d22c7ced4 sp=0x000000b9debfcbf0
Event: 5.006 Thread 0x0000022d7344ed80 DEOPT UNPACKING pc=0x0000022d226f46a2 sp=0x000000b9debfcb78 mode 2
Event: 5.017 Thread 0x0000022d7344ed80 Uncommon trap: trap_request=0xffffff45 fr.pc=0x0000022d22c77efc relative=0x00000000000000bc
Event: 5.017 Thread 0x0000022d7344ed80 Uncommon trap: reason=unstable_if action=reinterpret pc=0x0000022d22c77efc method=jdk.internal.misc.Unsafe.convEndian(ZI)I @ 4 c2
Event: 5.017 Thread 0x0000022d7344ed80 DEOPT PACKING pc=0x0000022d22c77efc sp=0x000000b9debfd6b0
Event: 5.017 Thread 0x0000022d7344ed80 DEOPT UNPACKING pc=0x0000022d226f46a2 sp=0x000000b9debfd548 mode 2

Classes loaded (20 events):
Event: 4.579 Loading class com/sun/org/apache/xerces/internal/util/XMLChar
Event: 4.580 Loading class com/sun/org/apache/xerces/internal/util/XMLChar done
Event: 4.582 Loading class com/sun/org/apache/xerces/internal/impl/XMLScanner$NameType
Event: 4.584 Loading class com/sun/org/apache/xerces/internal/impl/XMLScanner$NameType done
Event: 4.584 Loading class java/util/LinkedList$Node
Event: 4.587 Loading class java/util/LinkedList$Node done
Event: 4.649 Loading class java/util/EventListener
Event: 4.649 Loading class java/util/EventListener done
Event: 4.853 Loading class java/util/regex/Pattern$Loop
Event: 4.857 Loading class java/util/regex/Pattern$Loop done
Event: 4.857 Loading class java/util/regex/Pattern$Prolog
Event: 4.857 Loading class java/util/regex/Pattern$Prolog done
Event: 4.858 Loading class java/util/StringTokenizer
Event: 4.858 Loading class java/util/StringTokenizer done
Event: 4.947 Loading class java/security/AllPermissionCollection
Event: 4.947 Loading class java/security/AllPermissionCollection done
Event: 4.970 Loading class java/util/LinkedList$ListItr
Event: 4.970 Loading class java/util/LinkedList$ListItr done
Event: 4.988 Loading class java/io/SequenceInputStream
Event: 4.989 Loading class java/io/SequenceInputStream done

Classes unloaded (0 events):
No events

Classes redefined (0 events):
No events

Internal exceptions (16 events):
Event: 0.728 Thread 0x0000022d10be9f00 Exception <a 'java/lang/NoSuchMethodError'{0x00000000cc4d2790}: 'void java.lang.invoke.DirectMethodHandle$Holder.invokeVirtual(java.lang.Object, java.lang.Object)'> (0x00000000cc4d2790) 
thrown [s\open\src\hotspot\share\interpreter\linkResolver.cpp, line 773]
Event: 0.734 Thread 0x0000022d10be9f00 Exception <a 'java/lang/NoSuchMethodError'{0x00000000cc4dd1a0}: 'java.lang.Object java.lang.invoke.DirectMethodHandle$Holder.invokeInterface(java.lang.Object, java.lang.Object, java.lang.Object)'> (0x00000000cc4dd1a0) 
thrown [s\open\src\hotspot\share\interpreter\linkResolver.cpp, line 773]
Event: 1.196 Thread 0x0000022d10be9f00 Exception <a 'java/lang/NoSuchMethodError'{0x00000000cbff6bc0}: 'void java.lang.invoke.DirectMethodHandle$Holder.invokeStatic(java.lang.Object, java.lang.Object, java.lang.Object, java.lang.Object)'> (0x00000000cbff6bc0) 
thrown [s\open\src\hotspot\share\interpreter\linkResolver.cpp, line 773]
Event: 1.197 Thread 0x0000022d10be9f00 Exception <a 'java/lang/NoSuchMethodError'{0x00000000cbffa828}: 'void java.lang.invoke.DirectMethodHandle$Holder.invokeSpecial(java.lang.Object, java.lang.Object, java.lang.Object, java.lang.Object, java.lang.Object)'> (0x00000000cbffa828) 
thrown [s\open\src\hotspot\share\interpreter\linkResolver.cpp, line 773]
Event: 1.206 Thread 0x0000022d10be9f00 Exception <a 'java/lang/NoSuchMethodError'{0x00000000cbe5ca00}: 'java.lang.Object java.lang.invoke.Invokers$Holder.invokeExact_MT(java.lang.Object, java.lang.Object, java.lang.Object, java.lang.Object, java.lang.Object, java.lang.Object)'> (0x00000000cbe5ca00) 
thrown [s\open\src\hotspot\share\interpreter\linkResolver.cpp, line 773]
Event: 1.216 Thread 0x0000022d10be9f00 Exception <a 'java/lang/NoSuchMethodError'{0x00000000cbe6f290}: 'void java.lang.invoke.DirectMethodHandle$Holder.invokeStatic(java.lang.Object, java.lang.Object)'> (0x00000000cbe6f290) 
thrown [s\open\src\hotspot\share\interpreter\linkResolver.cpp, line 773]
Event: 2.580 Thread 0x0000022d10be9f00 Exception <a 'java/lang/NoSuchMethodError'{0x00000000cc4637d8}: 'void java.lang.invoke.DirectMethodHandle$Holder.invokeSpecial(java.lang.Object, java.lang.Object, java.lang.Object)'> (0x00000000cc4637d8) 
thrown [s\open\src\hotspot\share\interpreter\linkResolver.cpp, line 773]
Event: 2.626 Thread 0x0000022d10be9f00 Exception <a 'java/lang/NoSuchMethodError'{0x00000000cc49f0f0}: 'void java.lang.invoke.DirectMethodHandle$Holder.invokeStatic(java.lang.Object, java.lang.Object, java.lang.Object)'> (0x00000000cc49f0f0) 
thrown [s\open\src\hotspot\share\interpreter\linkResolver.cpp, line 773]
Event: 3.025 Thread 0x0000022d10be9f00 Exception <a 'java/lang/NoSuchMethodError'{0x00000000cc3577f0}: 'int java.lang.invoke.DirectMethodHandle$Holder.invokeStaticInit(java.lang.Object, java.lang.Object, java.lang.Object)'> (0x00000000cc3577f0) 
thrown [s\open\src\hotspot\share\interpreter\linkResolver.cpp, line 773]
Event: 3.101 Thread 0x0000022d10be9f00 Exception <a 'java/lang/NoSuchMethodError'{0x00000000cc23aed0}: 'java.lang.Object java.lang.invoke.DirectMethodHandle$Holder.newInvokeSpecial(java.lang.Object, java.lang.Object, int, java.lang.Object)'> (0x00000000cc23aed0) 
thrown [s\open\src\hotspot\share\interpreter\linkResolver.cpp, line 773]
Event: 3.102 Thread 0x0000022d10be9f00 Exception <a 'java/lang/NoSuchMethodError'{0x00000000cc23f268}: 'java.lang.Object java.lang.invoke.DirectMethodHandle$Holder.invokeSpecial(java.lang.Object, java.lang.Object, java.lang.Object, int, java.lang.Object)'> (0x00000000cc23f268) 
thrown [s\open\src\hotspot\share\interpreter\linkResolver.cpp, line 773]
Event: 3.948 Thread 0x0000022d7344ed80 Exception <a 'java/lang/NoSuchMethodError'{0x00000000cbf0b930}: 'void java.lang.invoke.DirectMethodHandle$Holder.invokeStaticInit(java.lang.Object)'> (0x00000000cbf0b930) 
thrown [s\open\src\hotspot\share\interpreter\linkResolver.cpp, line 773]
Event: 3.962 Thread 0x0000022d10be9f00 Exception <a 'java/lang/NoSuchMethodError'{0x00000000cc2524e8}: 'java.lang.Object java.lang.invoke.DirectMethodHandle$Holder.newInvokeSpecial(java.lang.Object, java.lang.Object, java.lang.Object, java.lang.Object, java.lang.Object, java.lang.Object)'> (0x00000000cc2524e8) 
thrown [s\open\src\hotspot\share\interpreter\linkResolver.cpp, line 773]
Event: 4.093 Thread 0x0000022d10be9f00 Exception <a 'java/lang/NoSuchMethodError'{0x00000000cbfdc300}: 'java.lang.Object java.lang.invoke.DirectMethodHandle$Holder.newInvokeSpecial(java.lang.Object, java.lang.Object, java.lang.Object, java.lang.Object, java.lang.Object)'> (0x00000000cbfdc300) 
thrown [s\open\src\hotspot\share\interpreter\linkResolver.cpp, line 773]
Event: 4.824 Thread 0x0000022d7344ed80 Exception <a 'java/lang/NoSuchMethodError'{0x00000000cb412d20}: 'java.lang.Object java.lang.invoke.DirectMethodHandle$Holder.invokeStaticInit(java.lang.Object, java.lang.Object, java.lang.Object, java.lang.Object)'> (0x00000000cb412d20) 
thrown [s\open\src\hotspot\share\interpreter\linkResolver.cpp, line 773]
Event: 4.827 Thread 0x0000022d7344ed80 Exception <a 'java/lang/NullPointerException'{0x00000000cb41fa90}> (0x00000000cb41fa90) 
thrown [s\open\src\hotspot\share\interpreter\linkResolver.cpp, line 1372]

ZGC Phase Switch (0 events):
No events

VM Operations (16 events):
Event: 0.865 Executing VM operation: HandshakeAllThreads (Deoptimize)
Event: 0.865 Executing VM operation: HandshakeAllThreads (Deoptimize) done
Event: 1.009 Executing VM operation: HandshakeAllThreads (Deoptimize)
Event: 1.009 Executing VM operation: HandshakeAllThreads (Deoptimize) done
Event: 2.022 Executing VM operation: Cleanup
Event: 2.022 Executing VM operation: Cleanup done
Event: 2.383 Executing VM operation: G1CollectForAllocation (G1 Evacuation Pause)
Event: 2.400 Executing VM operation: G1CollectForAllocation (G1 Evacuation Pause) done
Event: 3.054 Executing VM operation: HandshakeAllThreads (Deoptimize)
Event: 3.054 Executing VM operation: HandshakeAllThreads (Deoptimize) done
Event: 4.065 Executing VM operation: Cleanup
Event: 4.066 Executing VM operation: Cleanup done
Event: 4.347 Executing VM operation: HandshakeAllThreads (Deoptimize)
Event: 4.347 Executing VM operation: HandshakeAllThreads (Deoptimize) done
Event: 5.019 Executing VM operation: G1TryInitiateConcMark (G1 Humongous Allocation)
Event: 5.035 Executing VM operation: G1TryInitiateConcMark (G1 Humongous Allocation) done

Events (16 events):
Event: 0.218 Thread 0x0000022d10be9f00 Thread added: 0x0000022d10be9f00
Event: 0.321 Thread 0x0000022d12dca110 Thread added: 0x0000022d12dca110
Event: 0.321 Thread 0x0000022d12dcd0f0 Thread added: 0x0000022d12dcd0f0
Event: 0.323 Thread 0x0000022d2d65ff60 Thread added: 0x0000022d2d65ff60
Event: 0.323 Thread 0x0000022d2d6609c0 Thread added: 0x0000022d2d6609c0
Event: 0.323 Thread 0x0000022d2d661420 Thread added: 0x0000022d2d661420
Event: 0.323 Thread 0x0000022d2d661e80 Thread added: 0x0000022d2d661e80
Event: 0.324 Thread 0x0000022d2d663610 Thread added: 0x0000022d2d663610
Event: 0.326 Thread 0x0000022d2d667f70 Thread added: 0x0000022d2d667f70
Event: 0.460 Thread 0x0000022d12d93ea0 Thread added: 0x0000022d12d93ea0
Event: 1.084 Thread 0x0000022d2d9c2270 Thread added: 0x0000022d2d9c2270
Event: 2.634 Thread 0x0000022d2d894a30 Thread added: 0x0000022d2d894a30
Event: 3.094 Thread 0x0000022d7344e310 Thread added: 0x0000022d7344e310
Event: 3.106 Thread 0x0000022d7344ed80 Thread added: 0x0000022d7344ed80
Event: 3.987 Thread 0x0000022d735e9010 Thread added: 0x0000022d735e9010
Event: 4.095 Thread 0x0000022d7363c570 Thread added: 0x0000022d7363c570


Dynamic libraries:
0x00007ff742140000 - 0x00007ff742150000 	C:\Program Files\Java\jdk-21\bin\java.exe
0x00007ffff8320000 - 0x00007ffff8527000 	C:\Windows\SYSTEM32\ntdll.dll
0x00007ffff78a0000 - 0x00007ffff795d000 	C:\Windows\System32\KERNEL32.DLL
0x00007ffff5e30000 - 0x00007ffff61a4000 	C:\Windows\System32\KERNELBASE.dll
0x00007ffff5be0000 - 0x00007ffff5cf1000 	C:\Windows\System32\ucrtbase.dll
0x00007fffdb3b0000 - 0x00007fffdb3c9000 	C:\Program Files\Java\jdk-21\bin\jli.dll
0x00007ffff6ba0000 - 0x00007ffff6c4c000 	C:\Windows\System32\ADVAPI32.dll
0x00007ffff7960000 - 0x00007ffff7a03000 	C:\Windows\System32\msvcrt.dll
0x00007ffff7d50000 - 0x00007ffff7ded000 	C:\Windows\System32\sechost.dll
0x00007ffff7770000 - 0x00007ffff7891000 	C:\Windows\System32\RPCRT4.dll
0x00007fffd6eb0000 - 0x00007fffd6ecb000 	C:\Program Files\Java\jdk-21\bin\VCRUNTIME140.dll
0x00007ffff7a10000 - 0x00007ffff7bbc000 	C:\Windows\System32\USER32.dll
0x00007ffff5800000 - 0x00007ffff5826000 	C:\Windows\System32\win32u.dll
0x00007ffff8230000 - 0x00007ffff8259000 	C:\Windows\System32\GDI32.dll
0x00007ffff58d0000 - 0x00007ffff59e2000 	C:\Windows\System32\gdi32full.dll
0x00007ffff5830000 - 0x00007ffff58cd000 	C:\Windows\System32\msvcp_win.dll
0x00007fffe4200000 - 0x00007fffe44a5000 	C:\Windows\WinSxS\amd64_microsoft.windows.common-controls_6595b64144ccf1df_6.0.22000.120_none_9d947278b86cc467\COMCTL32.dll
0x00007fffec610000 - 0x00007fffec61a000 	C:\Windows\SYSTEM32\VERSION.dll
0x00007ffff7590000 - 0x00007ffff75c1000 	C:\Windows\System32\IMM32.DLL
0x00007ffff0d90000 - 0x00007ffff0d9c000 	C:\Program Files\Java\jdk-21\bin\vcruntime140_1.dll
0x00007fffc0920000 - 0x00007fffc09ae000 	C:\Program Files\Java\jdk-21\bin\msvcp140.dll
0x00007fffa9500000 - 0x00007fffaa217000 	C:\Program Files\Java\jdk-21\bin\server\jvm.dll
0x00007ffff8060000 - 0x00007ffff80cf000 	C:\Windows\System32\WS2_32.dll
0x00007ffff5530000 - 0x00007ffff557d000 	C:\Windows\SYSTEM32\POWRPROF.dll
0x00007fffeeec0000 - 0x00007fffeeef3000 	C:\Windows\SYSTEM32\WINMM.dll
0x00007ffff5510000 - 0x00007ffff5523000 	C:\Windows\SYSTEM32\UMPDC.dll
0x00007ffff48f0000 - 0x00007ffff4908000 	C:\Windows\SYSTEM32\kernel.appcore.dll
0x00007fffe8570000 - 0x00007fffe857a000 	C:\Program Files\Java\jdk-21\bin\jimage.dll
0x00007fffed9f0000 - 0x00007fffedc11000 	C:\Windows\SYSTEM32\DBGHELP.DLL
0x00007fffe1fe0000 - 0x00007fffe2011000 	C:\Windows\SYSTEM32\dbgcore.DLL
0x00007ffff59f0000 - 0x00007ffff5a70000 	C:\Windows\System32\bcryptPrimitives.dll
0x00007fffd3310000 - 0x00007fffd332f000 	C:\Program Files\Java\jdk-21\bin\java.dll
0x00007ffff6de0000 - 0x00007ffff758a000 	C:\Windows\System32\SHELL32.dll
0x00007ffff3960000 - 0x00007ffff41c2000 	C:\Windows\SYSTEM32\windows.storage.dll
0x00007ffff61b0000 - 0x00007ffff6528000 	C:\Windows\System32\combase.dll
0x00007ffff37f0000 - 0x00007ffff3956000 	C:\Windows\SYSTEM32\wintypes.dll
0x00007ffff80d0000 - 0x00007ffff81ba000 	C:\Windows\System32\SHCORE.dll
0x00007ffff7ee0000 - 0x00007ffff7f3d000 	C:\Windows\System32\shlwapi.dll
0x00007ffff5730000 - 0x00007ffff5751000 	C:\Windows\SYSTEM32\profapi.dll
0x00007fffbf040000 - 0x00007fffbf117000 	C:\Program Files\Java\jdk-21\bin\jsvml.dll
0x00007fffe6200000 - 0x00007fffe6210000 	C:\Program Files\Java\jdk-21\bin\net.dll
0x00007fffed620000 - 0x00007fffed72c000 	C:\Windows\SYSTEM32\WINHTTP.dll
0x00007ffff4d30000 - 0x00007ffff4d97000 	C:\Windows\system32\mswsock.dll
0x00007fffce020000 - 0x00007fffce036000 	C:\Program Files\Java\jdk-21\bin\nio.dll
0x00007fffce040000 - 0x00007fffce058000 	C:\Program Files\Java\jdk-21\bin\zip.dll
0x0000022d12cc0000 - 0x0000022d12cc3000 	C:\Users\ACER\.openjfx\cache\22-ea+11\amd64\api-ms-win-core-console-l1-1-0.dll
0x0000022d2dc40000 - 0x0000022d2dc43000 	C:\Users\ACER\.openjfx\cache\22-ea+11\amd64\api-ms-win-core-console-l1-2-0.dll
0x0000022d2dc50000 - 0x0000022d2dc53000 	C:\Users\ACER\.openjfx\cache\22-ea+11\amd64\api-ms-win-core-datetime-l1-1-0.dll
0x0000022d2dc60000 - 0x0000022d2dc63000 	C:\Users\ACER\.openjfx\cache\22-ea+11\amd64\api-ms-win-core-debug-l1-1-0.dll
0x0000022d2dc70000 - 0x0000022d2dc73000 	C:\Users\ACER\.openjfx\cache\22-ea+11\amd64\api-ms-win-core-errorhandling-l1-1-0.dll
0x0000022d2dc80000 - 0x0000022d2dc84000 	C:\Users\ACER\.openjfx\cache\22-ea+11\amd64\api-ms-win-core-file-l1-1-0.dll
0x0000022d2dc90000 - 0x0000022d2dc93000 	C:\Users\ACER\.openjfx\cache\22-ea+11\amd64\api-ms-win-core-file-l1-2-0.dll
0x0000022d2dca0000 - 0x0000022d2dca3000 	C:\Users\ACER\.openjfx\cache\22-ea+11\amd64\api-ms-win-core-file-l2-1-0.dll
0x0000022d2dcb0000 - 0x0000022d2dcb3000 	C:\Users\ACER\.openjfx\cache\22-ea+11\amd64\api-ms-win-core-handle-l1-1-0.dll
0x0000022d2dcc0000 - 0x0000022d2dcc3000 	C:\Users\ACER\.openjfx\cache\22-ea+11\amd64\api-ms-win-core-heap-l1-1-0.dll
0x0000022d2dcd0000 - 0x0000022d2dcd3000 	C:\Users\ACER\.openjfx\cache\22-ea+11\amd64\api-ms-win-core-interlocked-l1-1-0.dll
0x0000022d2dce0000 - 0x0000022d2dce3000 	C:\Users\ACER\.openjfx\cache\22-ea+11\amd64\api-ms-win-core-libraryloader-l1-1-0.dll
0x0000022d2dcf0000 - 0x0000022d2dcf3000 	C:\Users\ACER\.openjfx\cache\22-ea+11\amd64\api-ms-win-core-localization-l1-2-0.dll
0x0000022d2dd00000 - 0x0000022d2dd03000 	C:\Users\ACER\.openjfx\cache\22-ea+11\amd64\api-ms-win-core-memory-l1-1-0.dll
0x0000022d2dd10000 - 0x0000022d2dd13000 	C:\Users\ACER\.openjfx\cache\22-ea+11\amd64\api-ms-win-core-namedpipe-l1-1-0.dll
0x0000022d2dd20000 - 0x0000022d2dd23000 	C:\Users\ACER\.openjfx\cache\22-ea+11\amd64\api-ms-win-core-processenvironment-l1-1-0.dll
0x0000022d2dd30000 - 0x0000022d2dd33000 	C:\Users\ACER\.openjfx\cache\22-ea+11\amd64\api-ms-win-core-processthreads-l1-1-0.dll
0x0000022d2dd40000 - 0x0000022d2dd43000 	C:\Users\ACER\.openjfx\cache\22-ea+11\amd64\api-ms-win-core-processthreads-l1-1-1.dll
0x0000022d2dd50000 - 0x0000022d2dd53000 	C:\Users\ACER\.openjfx\cache\22-ea+11\amd64\api-ms-win-core-profile-l1-1-0.dll
0x0000022d2dd60000 - 0x0000022d2dd63000 	C:\Users\ACER\.openjfx\cache\22-ea+11\amd64\api-ms-win-core-rtlsupport-l1-1-0.dll
0x0000022d2dd70000 - 0x0000022d2dd73000 	C:\Users\ACER\.openjfx\cache\22-ea+11\amd64\api-ms-win-core-string-l1-1-0.dll
0x0000022d2dd80000 - 0x0000022d2dd83000 	C:\Users\ACER\.openjfx\cache\22-ea+11\amd64\api-ms-win-core-synch-l1-1-0.dll
0x0000022d2dd90000 - 0x0000022d2dd93000 	C:\Users\ACER\.openjfx\cache\22-ea+11\amd64\api-ms-win-core-synch-l1-2-0.dll
0x0000022d2dda0000 - 0x0000022d2dda3000 	C:\Users\ACER\.openjfx\cache\22-ea+11\amd64\api-ms-win-core-sysinfo-l1-1-0.dll
0x0000022d2ddb0000 - 0x0000022d2ddb3000 	C:\Users\ACER\.openjfx\cache\22-ea+11\amd64\api-ms-win-core-timezone-l1-1-0.dll
0x0000022d2ddc0000 - 0x0000022d2ddc3000 	C:\Users\ACER\.openjfx\cache\22-ea+11\amd64\api-ms-win-core-util-l1-1-0.dll
0x0000022d2ddd0000 - 0x0000022d2ddd3000 	C:\Users\ACER\.openjfx\cache\22-ea+11\amd64\api-ms-win-crt-conio-l1-1-0.dll
0x0000022d2dde0000 - 0x0000022d2dde4000 	C:\Users\ACER\.openjfx\cache\22-ea+11\amd64\api-ms-win-crt-convert-l1-1-0.dll
0x0000022d2ddf0000 - 0x0000022d2ddf3000 	C:\Users\ACER\.openjfx\cache\22-ea+11\amd64\api-ms-win-crt-environment-l1-1-0.dll
0x0000022d2de00000 - 0x0000022d2de03000 	C:\Users\ACER\.openjfx\cache\22-ea+11\amd64\api-ms-win-crt-filesystem-l1-1-0.dll
0x0000022d2de10000 - 0x0000022d2de13000 	C:\Users\ACER\.openjfx\cache\22-ea+11\amd64\api-ms-win-crt-heap-l1-1-0.dll
0x0000022d2de20000 - 0x0000022d2de23000 	C:\Users\ACER\.openjfx\cache\22-ea+11\amd64\api-ms-win-crt-locale-l1-1-0.dll
0x0000022d2de30000 - 0x0000022d2de35000 	C:\Users\ACER\.openjfx\cache\22-ea+11\amd64\api-ms-win-crt-math-l1-1-0.dll
0x0000022d2de40000 - 0x0000022d2de45000 	C:\Users\ACER\.openjfx\cache\22-ea+11\amd64\api-ms-win-crt-multibyte-l1-1-0.dll
0x0000022d2de50000 - 0x0000022d2de60000 	C:\Users\ACER\.openjfx\cache\22-ea+11\amd64\api-ms-win-crt-private-l1-1-0.dll
0x0000022d2de60000 - 0x0000022d2de63000 	C:\Users\ACER\.openjfx\cache\22-ea+11\amd64\api-ms-win-crt-process-l1-1-0.dll
0x0000022d2de70000 - 0x0000022d2de74000 	C:\Users\ACER\.openjfx\cache\22-ea+11\amd64\api-ms-win-crt-runtime-l1-1-0.dll
0x0000022d2de80000 - 0x0000022d2de84000 	C:\Users\ACER\.openjfx\cache\22-ea+11\amd64\api-ms-win-crt-stdio-l1-1-0.dll
0x0000022d2de90000 - 0x0000022d2de94000 	C:\Users\ACER\.openjfx\cache\22-ea+11\amd64\api-ms-win-crt-string-l1-1-0.dll
0x0000022d2dea0000 - 0x0000022d2dea3000 	C:\Users\ACER\.openjfx\cache\22-ea+11\amd64\api-ms-win-crt-time-l1-1-0.dll
0x0000022d2deb0000 - 0x0000022d2deb3000 	C:\Users\ACER\.openjfx\cache\22-ea+11\amd64\api-ms-win-crt-utility-l1-1-0.dll
0x00007fffbedf0000 - 0x00007fffbeeec000 	C:\Users\ACER\.openjfx\cache\22-ea+11\amd64\ucrtbase.dll
0x00007fffd5b20000 - 0x00007fffd5b3b000 	C:\Users\ACER\.openjfx\cache\22-ea+11\amd64\vcruntime140.dll
0x00007fffe1510000 - 0x00007fffe151c000 	C:\Users\ACER\.openjfx\cache\22-ea+11\amd64\vcruntime140_1.dll
0x00007fffbed60000 - 0x00007fffbedee000 	C:\Users\ACER\.openjfx\cache\22-ea+11\amd64\msvcp140.dll
0x00007ffff75d0000 - 0x00007ffff776a000 	C:\Windows\System32\ole32.dll
0x00007fffe1410000 - 0x00007fffe1419000 	C:\Users\ACER\.openjfx\cache\22-ea+11\amd64\msvcp140_1.dll
0x00007fffcd130000 - 0x00007fffcd15f000 	C:\Users\ACER\.openjfx\cache\22-ea+11\amd64\msvcp140_2.dll
0x00007fffcd100000 - 0x00007fffcd12f000 	C:\Users\ACER\.openjfx\cache\22-ea+11\amd64\prism_d3d.dll
0x00007fffa3d10000 - 0x00007fffa3eb6000 	C:\Windows\system32\d3d9.dll
0x00007ffff34f0000 - 0x00007ffff351f000 	C:\Windows\SYSTEM32\dwmapi.dll
0x00007ffff3040000 - 0x00007ffff3078000 	C:\Windows\SYSTEM32\dxcore.dll
0x00007ffff2f40000 - 0x00007ffff2fec000 	C:\Windows\system32\uxtheme.dll
0x00007fffec620000 - 0x00007fffec7fb000 	C:\Windows\System32\DriverStore\FileRepository\u0364341.inf_amd64_c22b73fb0c3a32d3\B364190\aticfx64.dll
0x00007fffa4d80000 - 0x00007fffa4db3000 	C:\Windows\System32\DriverStore\FileRepository\u0364341.inf_amd64_c22b73fb0c3a32d3\B364190\atiu9p64.dll
0x00007fffa3070000 - 0x00007fffa3d06000 	C:\Windows\System32\DriverStore\FileRepository\u0364341.inf_amd64_c22b73fb0c3a32d3\B364190\atiumd64.dll
0x000000006ebb0000 - 0x000000006fa2d000 	C:\Windows\System32\DriverStore\FileRepository\u0364341.inf_amd64_c22b73fb0c3a32d3\B364190\atiumd6a.dll
0x00007fffea710000 - 0x00007fffea73f000 	C:\Windows\SYSTEM32\amdihk64.dll
0x00007ffff0f60000 - 0x00007ffff0fa4000 	C:\Windows\SYSTEM32\directxdatabasehelper.dll
0x00007ffff31c0000 - 0x00007ffff31f4000 	C:\Windows\SYSTEM32\ntmarta.dll
0x00007fffc4350000 - 0x00007fffc4392000 	C:\Users\ACER\.openjfx\cache\22-ea+11\amd64\glass.dll
0x00007ffff7df0000 - 0x00007ffff7edc000 	C:\Windows\System32\COMDLG32.dll
0x00007ffff7bc0000 - 0x00007ffff7c96000 	C:\Windows\System32\OLEAUT32.dll
0x00007ffff7f40000 - 0x00007ffff805e000 	C:\Windows\System32\MSCTF.dll

dbghelp: loaded successfully - version: 4.0.5 - missing functions: none
symbol engine: initialized successfully - sym options: 0x614 - pdb path: .;C:\Program Files\Java\jdk-21\bin;C:\Windows\SYSTEM32;C:\Windows\WinSxS\amd64_microsoft.windows.common-controls_6595b64144ccf1df_6.0.22000.120_none_9d947278b86cc467;C:\Program Files\Java\jdk-21\bin\server;C:\Users\ACER\.openjfx\cache\22-ea+11\amd64;C:\Windows\System32\DriverStore\FileRepository\u0364341.inf_amd64_c22b73fb0c3a32d3\B364190

VM Arguments:
jvm_args: -Dfile.encoding=windows-1252 -Duser.country=ID -Duser.language=en -Duser.variant --module-path=C:\tesxakat\tesxakat\demo\build\libs\demo-1.0-SNAPSHOT.jar;C:\tesxakat\tesxakat\demo\build\classes\java\main;C:\Users\ACER\.gradle\caches\modules-2\files-2.1\org.openjfx\javafx-fxml\22-ea+11\aa01e0d874e1fa0f60a06e6562615168abbbe280\javafx-fxml-22-ea+11-win.jar;C:\Users\ACER\.gradle\caches\modules-2\files-2.1\org.openjfx\javafx-controls\22-ea+11\e84f859080b31c99dd2dc78aa3cefc53afaf9410\javafx-controls-22-ea+11-win.jar;C:\Users\ACER\.gradle\caches\modules-2\files-2.1\org.openjfx\javafx-controls\22-ea+11\f04cf41438d4eb5d297b50f6e2061db6fa8db350\javafx-controls-22-ea+11.jar;C:\Users\ACER\.gradle\caches\modules-2\files-2.1\org.openjfx\javafx-graphics\22-ea+11\f7356c5524349c7d865e4a4bb9781ff4ac52102b\javafx-graphics-22-ea+11-win.jar;C:\Users\ACER\.gradle\caches\modules-2\files-2.1\org.openjfx\javafx-graphics\22-ea+11\a5307d45af06b042085eb46d9eb2fa4b26d5e26d\javafx-graphics-22-ea+11.jar;C:\Users\ACER\.gradle\caches\modules-2\files-2.1\org.openjfx\javafx-base\22-ea+11\87b2d301f8b3cf364600be89b18397667a3c1126\javafx-base-22-ea+11-win.jar;C:\Users\ACER\.gradle\caches\modules-2\files-2.1\org.openjfx\javafx-base\22-ea+11\98eb02cc35dc8160a16b037f69bdc2ad5a0a636\javafx-base-22-ea+11.jar -Djdk.module.main=org.example.demo 
java_command: org.example.demo/org.example.demo.HelloApplication
java_class_path (initial): C:\tesxakat\tesxakat\demo\build\resources\main
Launcher Type: SUN_STANDARD

[Global flags]
     intx CICompilerCount                          = 3                                         {product} {ergonomic}
     uint ConcGCThreads                            = 1                                         {product} {ergonomic}
     uint G1ConcRefinementThreads                  = 4                                         {product} {ergonomic}
   size_t G1HeapRegionSize                         = 1048576                                   {product} {ergonomic}
    uintx GCDrainStackTargetSize                   = 64                                        {product} {ergonomic}
   size_t InitialHeapSize                          = 58720256                                  {product} {ergonomic}
   size_t MarkStackSize                            = 4194304                                   {product} {ergonomic}
   size_t MaxHeapSize                              = 924844032                                 {product} {ergonomic}
   size_t MaxNewSize                               = 554696704                                 {product} {ergonomic}
   size_t MinHeapDeltaBytes                        = 1048576                                   {product} {ergonomic}
   size_t MinHeapSize                              = 8388608                                   {product} {ergonomic}
    uintx NonNMethodCodeHeapSize                   = 5832780                                {pd product} {ergonomic}
    uintx NonProfiledCodeHeapSize                  = 122912730                              {pd product} {ergonomic}
    uintx ProfiledCodeHeapSize                     = 122912730                              {pd product} {ergonomic}
    uintx ReservedCodeCacheSize                    = 251658240                              {pd product} {ergonomic}
     bool SegmentedCodeCache                       = true                                      {product} {ergonomic}
   size_t SoftMaxHeapSize                          = 924844032                              {manageable} {ergonomic}
     bool UseCompressedOops                        = true                           {product lp64_product} {ergonomic}
     bool UseG1GC                                  = true                                      {product} {ergonomic}
     bool UseLargePagesIndividualAllocation        = false                                  {pd product} {ergonomic}

Logging:
Log output configuration:
 #0: stdout all=warning uptime,level,tags foldmultilines=false
 #1: stderr all=off uptime,level,tags foldmultilines=false

Environment Variables:
PATH=C:\Program Files\Common Files\Oracle\Java\javapath;C:\Windows\system32;C:\Windows;C:\Windows\System32\Wbem;C:\Windows\System32\WindowsPowerShell\v1.0\;C:\Windows\System32\OpenSSH\;C:\Program Files\Java\jdk-17\bin;C:\Gradle\gradle-8.4\bin;C:\Program Files\Git\cmd;C:\Users\ACER\AppData\Local\Programs\Python\Python311\Scripts\;C:\Users\ACER\AppData\Local\Programs\Python\Python311\;C:\Users\ACER\AppData\Local\Microsoft\WindowsApps;;C:\Users\ACER\AppData\Local\Programs\Microsoft VS Code\bin;C:\Program Files\JetBrains\PyCharm 2023.2\bin;;C:\Program Files\JetBrains\PyCharm Community Edition 2023.2\bin;;C:\Program Files\JetBrains\IntelliJ IDEA Community Edition 2024.1\bin;
USERNAME=ACER
OS=Windows_NT
PROCESSOR_IDENTIFIER=AMD64 Family 23 Model 24 Stepping 1, AuthenticAMD
TMP=C:\Users\ACER\AppData\Local\Temp
TEMP=C:\Users\ACER\AppData\Local\Temp




Periodic native trim disabled

---------------  S Y S T E M  ---------------

OS:
 Windows 11 , 64 bit Build 22000 (10.0.22000.318)
OS uptime: 16 days 10:25 hours
Hyper-V role detected

CPU: total 4 (initial active 4) (4 cores per cpu, 2 threads per core) family 23 model 24 stepping 1 microcode 0x0, cx8, cmov, fxsr, ht, mmx, 3dnowpref, sse, sse2, sse3, ssse3, sse4a, sse4.1, sse4.2, popcnt, lzcnt, tsc, tscinvbit, avx, avx2, aes, clmul, bmi1, bmi2, adx, sha, fma, vzeroupper, clflush, clflushopt, hv, rdtscp, f16c
Processor Information for all 4 processors :
  Max Mhz: 2600, Current Mhz: 2600, Mhz Limit: 2600

Memory: 4k page, system-wide physical 3521M (277M free)
TotalPageFile size 14272M (AvailPageFile size 5M)
current process WorkingSet (physical memory assigned to process): 87M, peak: 87M
current process commit charge ("private bytes"): 176M, peak: 177M

vm_info: Java HotSpot(TM) 64-Bit Server VM (21.0.2+13-LTS-58) for windows-amd64 JRE (21.0.2+13-LTS-58), built on 2024-01-05T18:32:24Z by "mach5one" with MS VC++ 17.1 (VS2022)

END.
